<?xml version="1.0" encoding="UTF-8"?>
<!-- Generated by org.testng.reporters.JUnitXMLReporter -->
<testsuite hostname="DESKTOP-JOCF003" ignored="0" name="Test(failed)" tests="1" failures="0" timestamp="25 Aug 2020 06:22:37 GMT" time="0.019" errors="0">
  <testcase name="@BeforeMethod setup" time="0.0" classname="com.pages.BaseClass">
    <failure type="org.testng.TestNGException" message="
Parameter &amp;apos;browser&amp;apos; is required by BeforeMethod on method setup but has not been marked @Optional or defined
in C:\Users\priyo\git\GitProject\Amazon.test\test-output\testng-failed.xml">
      <![CDATA[org.testng.TestNGException: 
Parameter 'browser' is required by BeforeMethod on method setup but has not been marked @Optional or defined
in C:\Users\priyo\git\GitProject\Amazon.test\test-output\testng-failed.xml
... Removed 25 stack frames]]>
    </failure>
  </testcase> <!-- @BeforeMethod setup -->
  <testcase name="@AfterMethod teardownMethod" time="0.0" classname="com.pages.BaseClass">
    <skipped/>
  </testcase> <!-- @AfterMethod teardownMethod -->
  <testcase name="@AfterClass teardown" time="0.0" classname="com.pages.BaseClass">
    <skipped/>
  </testcase> <!-- @AfterClass teardown -->
  <testcase name="CartPaymentProcess" time="0.0" classname="com.testcases.TC_CartTest_003">
    <skipped/>
  </testcase> <!-- CartPaymentProcess -->
</testsuite> <!-- Test(failed) -->
